
> storybook@0.0.0 build-storybook /media/xo42/th427/Code/scarlett-wxt-storybook
> storybook build "--output-dir=/tmp/chromatic--69066-P33qZuJQSI06"

[1m@storybook/core v8.6.12
[22m
info => Cleaning outputDir: [36m../../../../../tmp/chromatic--69066-P33qZuJQSI06[39m
info => Loading presets
info => Building manager..
info => Manager built ([38;2;181;126;229m132 ms[39m)
info => Building preview..
WARN No story files found for the specified pattern: [34mstories/**/*.mdx[39m
info Using tsconfig paths for react-docgen
[36mvite v6.3.0 [32mbuilding for production...[36m[39m
transforming...
[32m✓[39m 4763 modules transformed.
rendering chunks...
computing gzip size...
[2m../../../../../tmp/chromatic--69066-P33qZuJQSI06/[22m[32miframe.html                                           [39m[1m[2m 17.82 kB[22m[1m[22m[2m │ gzip:   5.03 kB[22m
[2m../../../../../tmp/chromatic--69066-P33qZuJQSI06/[22m[2massets/[22m[35mindex-DoJXwIYh.css                             [39m[1m[2m 42.48 kB[22m[1m[22m[2m │ gzip:   8.09 kB[22m
[2m../../../../../tmp/chromatic--69066-P33qZuJQSI06/[22m[2massets/[22m[36mindex-BQQLSK9g.js                              [39m[1m[2m  0.13 kB[22m[1m[22m[2m │ gzip:   0.12 kB[22m
[2m../../../../../tmp/chromatic--69066-P33qZuJQSI06/[22m[2massets/[22m[36mpreview-DwL_N37I.js                            [39m[1m[2m  0.14 kB[22m[1m[22m[2m │ gzip:   0.13 kB[22m
[2m../../../../../tmp/chromatic--69066-P33qZuJQSI06/[22m[2massets/[22m[36mpreview-Dq_bPGh9.js                            [39m[1m[2m  0.16 kB[22m[1m[22m[2m │ gzip:   0.16 kB[22m
[2m../../../../../tmp/chromatic--69066-P33qZuJQSI06/[22m[2massets/[22m[36mpreview-CvbIS5ZJ.js                            [39m[1m[2m  0.18 kB[22m[1m[22m[2m │ gzip:   0.16 kB[22m
[2m../../../../../tmp/chromatic--69066-P33qZuJQSI06/[22m[2massets/[22m[36mindex-B8rYRX2K.js                              [39m[1m[2m  0.42 kB[22m[1m[22m[2m │ gzip:   0.27 kB[22m
[2m../../../../../tmp/chromatic--69066-P33qZuJQSI06/[22m[2massets/[22m[36mindex-COu48g9B.js                              [39m[1m[2m  0.54 kB[22m[1m[22m[2m │ gzip:   0.36 kB[22m
[2m../../../../../tmp/chromatic--69066-P33qZuJQSI06/[22m[2massets/[22m[36mindex-C9gKr9oM.js                              [39m[1m[2m  0.59 kB[22m[1m[22m[2m │ gzip:   0.40 kB[22m
[2m../../../../../tmp/chromatic--69066-P33qZuJQSI06/[22m[2massets/[22m[36mtextarea-CZwHVgeL.js                           [39m[1m[2m  0.59 kB[22m[1m[22m[2m │ gzip:   0.39 kB[22m
[2m../../../../../tmp/chromatic--69066-P33qZuJQSI06/[22m[2massets/[22m[36minput-I9QQsBhV.js                              [39m[1m[2m  0.61 kB[22m[1m[22m[2m │ gzip:   0.40 kB[22m
[2m../../../../../tmp/chromatic--69066-P33qZuJQSI06/[22m[2massets/[22m[36mpreview-DHQbi4pV.js                            [39m[1m[2m  0.61 kB[22m[1m[22m[2m │ gzip:   0.42 kB[22m
[2m../../../../../tmp/chromatic--69066-P33qZuJQSI06/[22m[2massets/[22m[36mchunk-XP5HYGXS-BpfKkqn7.js                     [39m[1m[2m  0.71 kB[22m[1m[22m[2m │ gzip:   0.40 kB[22m
[2m../../../../../tmp/chromatic--69066-P33qZuJQSI06/[22m[2massets/[22m[36mpreview-DGUiP6tS.js                            [39m[1m[2m  0.71 kB[22m[1m[22m[2m │ gzip:   0.50 kB[22m
[2m../../../../../tmp/chromatic--69066-P33qZuJQSI06/[22m[2massets/[22m[36mjsx-runtime-D_zvdyIk.js                        [39m[1m[2m  0.73 kB[22m[1m[22m[2m │ gzip:   0.46 kB[22m
[2m../../../../../tmp/chromatic--69066-P33qZuJQSI06/[22m[2massets/[22m[36mindex-DDnMf7l8.js                              [39m[1m[2m  0.75 kB[22m[1m[22m[2m │ gzip:   0.43 kB[22m
[2m../../../../../tmp/chromatic--69066-P33qZuJQSI06/[22m[2massets/[22m[36mSettings.stories-BpGlHV1V.js                   [39m[1m[2m  0.76 kB[22m[1m[22m[2m │ gzip:   0.47 kB[22m
[2m../../../../../tmp/chromatic--69066-P33qZuJQSI06/[22m[2massets/[22m[36mindex-DrFu-skq.js                              [39m[1m[2m  0.77 kB[22m[1m[22m[2m │ gzip:   0.47 kB[22m
[2m../../../../../tmp/chromatic--69066-P33qZuJQSI06/[22m[2massets/[22m[36mindex-3UDGtr2f.js                              [39m[1m[2m  0.80 kB[22m[1m[22m[2m │ gzip:   0.44 kB[22m
[2m../../../../../tmp/chromatic--69066-P33qZuJQSI06/[22m[2massets/[22m[36mflashcard-B6t4OV_J.js                          [39m[1m[2m  0.83 kB[22m[1m[22m[2m │ gzip:   0.42 kB[22m
[2m../../../../../tmp/chromatic--69066-P33qZuJQSI06/[22m[2massets/[22m[36mpreview-D-52wa-E.js                            [39m[1m[2m  0.92 kB[22m[1m[22m[2m │ gzip:   0.58 kB[22m
[2m../../../../../tmp/chromatic--69066-P33qZuJQSI06/[22m[2massets/[22m[36mtest-utils--_O2wM1y.js                         [39m[1m[2m  1.12 kB[22m[1m[22m[2m │ gzip:   0.69 kB[22m
[2m../../../../../tmp/chromatic--69066-P33qZuJQSI06/[22m[2massets/[22m[36mFlashcard.stories-hwo9UAAN.js                  [39m[1m[2m  1.13 kB[22m[1m[22m[2m │ gzip:   0.55 kB[22m
[2m../../../../../tmp/chromatic--69066-P33qZuJQSI06/[22m[2massets/[22m[36mAssistantLoadingMessage.stories-BKTdCRr-.js    [39m[1m[2m  1.18 kB[22m[1m[22m[2m │ gzip:   0.60 kB[22m
[2m../../../../../tmp/chromatic--69066-P33qZuJQSI06/[22m[2massets/[22m[36mIconBase-Db9uLuny.js                           [39m[1m[2m  1.21 kB[22m[1m[22m[2m │ gzip:   0.68 kB[22m
[2m../../../../../tmp/chromatic--69066-P33qZuJQSI06/[22m[2massets/[22m[36mTextarea.stories-XNPgedor.js                   [39m[1m[2m  1.49 kB[22m[1m[22m[2m │ gzip:   0.62 kB[22m
[2m../../../../../tmp/chromatic--69066-P33qZuJQSI06/[22m[2massets/[22m[36mInput.stories-BvSCLp3V.js                      [39m[1m[2m  1.80 kB[22m[1m[22m[2m │ gzip:   0.65 kB[22m
[2m../../../../../tmp/chromatic--69066-P33qZuJQSI06/[22m[2massets/[22m[36mbutton-EU5IKVe0.js                             [39m[1m[2m  1.83 kB[22m[1m[22m[2m │ gzip:   0.85 kB[22m
[2m../../../../../tmp/chromatic--69066-P33qZuJQSI06/[22m[2massets/[22m[36mindex-DDRuMKOH.js                              [39m[1m[2m  1.85 kB[22m[1m[22m[2m │ gzip:   0.89 kB[22m
[2m../../../../../tmp/chromatic--69066-P33qZuJQSI06/[22m[2massets/[22m[36mBookmarkSimple-B1BvUBjB.js                     [39m[1m[2m  2.28 kB[22m[1m[22m[2m │ gzip:   0.92 kB[22m
[2m../../../../../tmp/chromatic--69066-P33qZuJQSI06/[22m[2massets/[22m[36mCards-CTpufDX0.js                              [39m[1m[2m  2.44 kB[22m[1m[22m[2m │ gzip:   0.91 kB[22m
[2m../../../../../tmp/chromatic--69066-P33qZuJQSI06/[22m[2massets/[22m[36mindex-CC9Zv45l.js                              [39m[1m[2m  2.63 kB[22m[1m[22m[2m │ gzip:   1.22 kB[22m
[2m../../../../../tmp/chromatic--69066-P33qZuJQSI06/[22m[2massets/[22m[36mButton.stories-Dwhaj-O2.js                     [39m[1m[2m  3.02 kB[22m[1m[22m[2m │ gzip:   0.91 kB[22m
[2m../../../../../tmp/chromatic--69066-P33qZuJQSI06/[22m[2massets/[22m[36mToggle.stories-CxpUqKLU.js                     [39m[1m[2m  3.36 kB[22m[1m[22m[2m │ gzip:   1.25 kB[22m
[2m../../../../../tmp/chromatic--69066-P33qZuJQSI06/[22m[2massets/[22m[36mFlashcardClozeMessage.stories-CJeIj_Mk.js      [39m[1m[2m  3.51 kB[22m[1m[22m[2m │ gzip:   1.46 kB[22m
[2m../../../../../tmp/chromatic--69066-P33qZuJQSI06/[22m[2massets/[22m[36mpreview-DD_OYowb.js                            [39m[1m[2m  3.51 kB[22m[1m[22m[2m │ gzip:   1.69 kB[22m
[2m../../../../../tmp/chromatic--69066-P33qZuJQSI06/[22m[2massets/[22m[36mindex-CqEmQr08.js                              [39m[1m[2m  3.51 kB[22m[1m[22m[2m │ gzip:   1.58 kB[22m
[2m../../../../../tmp/chromatic--69066-P33qZuJQSI06/[22m[2massets/[22m[36mFlashcardFrontBackMessage.stories-dgPa25au.js  [39m[1m[2m  3.79 kB[22m[1m[22m[2m │ gzip:   1.52 kB[22m
[2m../../../../../tmp/chromatic--69066-P33qZuJQSI06/[22m[2massets/[22m[36mindex-DsJinFGm.js                              [39m[1m[2m  3.89 kB[22m[1m[22m[2m │ gzip:   1.52 kB[22m
[2m../../../../../tmp/chromatic--69066-P33qZuJQSI06/[22m[2massets/[22m[36mFlashcardReviewer.stories-BjnZfzVA.js          [39m[1m[2m  4.66 kB[22m[1m[22m[2m │ gzip:   1.70 kB[22m
[2m../../../../../tmp/chromatic--69066-P33qZuJQSI06/[22m[2massets/[22m[36mBookmarkChatMessage.stories-U2jGK6Bm.js        [39m[1m[2m  4.73 kB[22m[1m[22m[2m │ gzip:   1.75 kB[22m
[2m../../../../../tmp/chromatic--69066-P33qZuJQSI06/[22m[2massets/[22m[36mChatMessageBase.stories-BLr0MGq7.js            [39m[1m[2m  4.73 kB[22m[1m[22m[2m │ gzip:   1.59 kB[22m
[2m../../../../../tmp/chromatic--69066-P33qZuJQSI06/[22m[2massets/[22m[36mpreview-B8lJiyuQ.js                            [39m[1m[2m  5.06 kB[22m[1m[22m[2m │ gzip:   1.88 kB[22m
[2m../../../../../tmp/chromatic--69066-P33qZuJQSI06/[22m[2massets/[22m[36mBracketsCurly-BYlqLz53.js                      [39m[1m[2m  5.23 kB[22m[1m[22m[2m │ gzip:   1.79 kB[22m
[2m../../../../../tmp/chromatic--69066-P33qZuJQSI06/[22m[2massets/[22m[36mToggleGroup.stories-CQxhDdQw.js                [39m[1m[2m  6.35 kB[22m[1m[22m[2m │ gzip:   2.50 kB[22m
[2m../../../../../tmp/chromatic--69066-P33qZuJQSI06/[22m[2massets/[22m[36mTabs.stories-hW6-ekja.js                       [39m[1m[2m  6.52 kB[22m[1m[22m[2m │ gzip:   2.58 kB[22m
[2m../../../../../tmp/chromatic--69066-P33qZuJQSI06/[22m[2massets/[22m[36mpreview-BWzBA1C2.js                            [39m[1m[2m  7.62 kB[22m[1m[22m[2m │ gzip:   1.56 kB[22m
[2m../../../../../tmp/chromatic--69066-P33qZuJQSI06/[22m[2massets/[22m[36mInputWithIcon.stories-Cky09jp8.js              [39m[1m[2m  8.03 kB[22m[1m[22m[2m │ gzip:   2.84 kB[22m
[2m../../../../../tmp/chromatic--69066-P33qZuJQSI06/[22m[2massets/[22m[36mpreview-BBWR9nbA.js                            [39m[1m[2m  8.12 kB[22m[1m[22m[2m │ gzip:   3.10 kB[22m
[2m../../../../../tmp/chromatic--69066-P33qZuJQSI06/[22m[2massets/[22m[36mindex-D4lIrffr.js                              [39m[1m[2m  8.40 kB[22m[1m[22m[2m │ gzip:   3.28 kB[22m
[2m../../../../../tmp/chromatic--69066-P33qZuJQSI06/[22m[2massets/[22m[36mFlashcardCreatorPopup.stories-yocLxAqw.js      [39m[1m[2m 17.65 kB[22m[1m[22m[2m │ gzip:   5.41 kB[22m
[2m../../../../../tmp/chromatic--69066-P33qZuJQSI06/[22m[2massets/[22m[36mPopupDisplay.stories-2AryvSd6.js               [39m[1m[2m 21.65 kB[22m[1m[22m[2m │ gzip:   6.36 kB[22m
[2m../../../../../tmp/chromatic--69066-P33qZuJQSI06/[22m[2massets/[22m[36mutils-DjqsqOe8.js                              [39m[1m[2m 24.87 kB[22m[1m[22m[2m │ gzip:   7.94 kB[22m
[2m../../../../../tmp/chromatic--69066-P33qZuJQSI06/[22m[2massets/[22m[36mColor-YHDXOIA2-DC8S0jYQ.js                     [39m[1m[2m 29.37 kB[22m[1m[22m[2m │ gzip:  11.06 kB[22m
[2m../../../../../tmp/chromatic--69066-P33qZuJQSI06/[22m[2massets/[22m[36mentry-preview-4WU9JsLa.js                      [39m[1m[2m 29.76 kB[22m[1m[22m[2m │ gzip:   9.52 kB[22m
[2m../../../../../tmp/chromatic--69066-P33qZuJQSI06/[22m[2massets/[22m[36mindex-CXQShRbs.js                              [39m[1m[2m 53.73 kB[22m[1m[22m[2m │ gzip:  15.55 kB[22m
[2m../../../../../tmp/chromatic--69066-P33qZuJQSI06/[22m[2massets/[22m[36mSelect.stories-Bf8l50zM.js                     [39m[1m[2m 78.51 kB[22m[1m[22m[2m │ gzip:  26.48 kB[22m
[2m../../../../../tmp/chromatic--69066-P33qZuJQSI06/[22m[2massets/[22m[36mreact-18-Dhjvimrl.js                           [39m[1m[2m174.53 kB[22m[1m[22m[2m │ gzip:  55.25 kB[22m
[2m../../../../../tmp/chromatic--69066-P33qZuJQSI06/[22m[2massets/[22m[36miframe-273TL2HM.js                             [39m[1m[2m216.12 kB[22m[1m[22m[2m │ gzip:  72.79 kB[22m
[2m../../../../../tmp/chromatic--69066-P33qZuJQSI06/[22m[2massets/[22m[36mentry-preview-docs-hFR7sEJd.js                 [39m[1m[2m247.07 kB[22m[1m[22m[2m │ gzip:  73.42 kB[22m
[2m../../../../../tmp/chromatic--69066-P33qZuJQSI06/[22m[2massets/[22m[36mMoodSelector.stories-K6G_eNZT.js               [39m[1m[2m323.20 kB[22m[1m[22m[2m │ gzip:  83.94 kB[22m
[2m../../../../../tmp/chromatic--69066-P33qZuJQSI06/[22m[2massets/[22m[36mindex-BZkcKs8Z.js                              [39m[1m[33m662.17 kB[39m[22m[2m │ gzip: 156.69 kB[22m
[2m../../../../../tmp/chromatic--69066-P33qZuJQSI06/[22m[2massets/[22m[36mDocsRenderer-CFRXHY34-CtMSK8PJ.js              [39m[1m[33m883.04 kB[39m[22m[2m │ gzip: 274.60 kB[22m
[32m✓ built in 7.43s[39m
info => Preview built ([38;2;181;126;229m8.34 s[39m)
info => Output directory: /tmp/chromatic--69066-P33qZuJQSI06
